frontend_mobile/app/build/intermediates/manifest_merge_blame_file/debug/processDebugMainManifest/manifest-merger-blame-debug-report.txt
1<?xml version="1.0" encoding="utf-8"?>
2<manifest xmlns:android="http://schemas.android.com/apk/res/android"
3    package="com.example.elderlycare2"
4    android:versionCode="1"
5    android:versionName="1.0" >
6
7    <uses-sdk
8        android:minSdkVersion="24"
9        android:targetSdkVersion="35" />
10
11    <uses-permission android:name="android.permission.INTERNET" />
11-->src/main/AndroidManifest.xml:4:5-66
11-->src/main/AndroidManifest.xml:4:22-64
12    <uses-permission android:name="android.permission.ACCESS_NETWORK_STATE" />
12-->src/main/AndroidManifest.xml:5:5-78
12-->src/main/AndroidManifest.xml:5:22-76
13
14    <permission
14-->[androidx.core:core:1.16.0] AndroidManifest.xml:22:5-24:47
15        android:name="com.example.elderlycare2.DYNAMIC_RECEIVER_NOT_EXPORTED_PERMISSION"
15-->[androidx.core:core:1.16.0] AndroidManifest.xml:23:9-81
16        android:protectionLevel="signature" />
16-->[androidx.core:core:1.16.0] AndroidManifest.xml:24:9-44
17
18    <uses-permission android:name="com.example.elderlycare2.DYNAMIC_RECEIVER_NOT_EXPORTED_PERMISSION" />
18-->[androidx.core:core:1.16.0] AndroidManifest.xml:26:5-97
18-->[androidx.core:core:1.16.0] AndroidManifest.xml:26:22-94
19
20    <application
20-->src/main/AndroidManifest.xml:6:5-29:19
21        android:name="com.example.elderlycare2.ElderlyCareApplication"
21-->src/main/AndroidManifest.xml:7:9-47
22        android:allowBackup="true"
22-->src/main/AndroidManifest.xml:8:9-35
23        android:appComponentFactory="androidx.core.app.CoreComponentFactory"
23-->[androidx.core:core:1.16.0] AndroidManifest.xml:28:18-86
24        android:dataExtractionRules="@xml/data_extraction_rules"
24-->src/main/AndroidManifest.xml:9:9-65
25        android:debuggable="true"
26        android:extractNativeLibs="false"
27        android:fullBackupContent="@xml/backup_rules"
27-->src/main/AndroidManifest.xml:10:9-54
28        android:icon="@mipmap/ic_launcher"
28-->src/main/AndroidManifest.xml:11:9-43
29        android:label="@string/app_name"
29-->src/main/AndroidManifest.xml:12:9-41
30        android:networkSecurityConfig="@xml/network_security_config"
30-->src/main/AndroidManifest.xml:16:9-69
31        android:roundIcon="@mipmap/ic_launcher_round"
31-->src/main/AndroidManifest.xml:13:9-54
32        android:supportsRtl="true"
32-->src/main/AndroidManifest.xml:14:9-35
33        android:testOnly="true"
34        android:theme="@style/Theme.ElderlyCare2" >
34-->src/main/AndroidManifest.xml:15:9-50
35        <activity
35-->src/main/AndroidManifest.xml:18:9-28:20
36            android:name="com.example.elderlycare2.MainActivity"
36-->src/main/AndroidManifest.xml:19:13-41
37            android:exported="true"
37-->src/main/AndroidManifest.xml:20:13-36
38            android:label="@string/app_name"
38-->src/main/AndroidManifest.xml:21:13-45
39            android:theme="@style/Theme.ElderlyCare2" >
39-->src/main/AndroidManifest.xml:22:13-54
40            <intent-filter>
40-->src/main/AndroidManifest.xml:23:13-27:29
41                <action android:name="android.intent.action.MAIN" />
41-->src/main/AndroidManifest.xml:24:17-69
41-->src/main/AndroidManifest.xml:24:25-66
42
43                <category android:name="android.intent.category.LAUNCHER" />
43-->src/main/AndroidManifest.xml:26:17-77
43-->src/main/AndroidManifest.xml:26:27-74
44            </intent-filter>
45        </activity>
46        <activity
46-->[androidx.compose.ui:ui-tooling-android:1.8.1] AndroidManifest.xml:23:9-25:39
47            android:name="androidx.compose.ui.tooling.PreviewActivity"
47-->[androidx.compose.ui:ui-tooling-android:1.8.1] AndroidManifest.xml:24:13-71
48            android:exported="true" />
48-->[androidx.compose.ui:ui-tooling-android:1.8.1] AndroidManifest.xml:25:13-36
49
50        <provider
50-->[androidx.emoji2:emoji2:1.4.0] AndroidManifest.xml:24:9-32:20
51            android:name="androidx.startup.InitializationProvider"
51-->[androidx.emoji2:emoji2:1.4.0] AndroidManifest.xml:25:13-67
52            android:authorities="com.example.elderlycare2.androidx-startup"
52-->[androidx.emoji2:emoji2:1.4.0] AndroidManifest.xml:26:13-68
53            android:exported="false" >
53-->[androidx.emoji2:emoji2:1.4.0] AndroidManifest.xml:27:13-37
54            <meta-data
54-->[androidx.emoji2:emoji2:1.4.0] AndroidManifest.xml:29:13-31:52
55                android:name="androidx.emoji2.text.EmojiCompatInitializer"
55-->[androidx.emoji2:emoji2:1.4.0] AndroidManifest.xml:30:17-75
56                android:value="androidx.startup" />
56-->[androidx.emoji2:emoji2:1.4.0] AndroidManifest.xml:31:17-49
57            <meta-data
57-->[androidx.lifecycle:lifecycle-process:2.9.0] AndroidManifest.xml:29:13-31:52
58                android:name="androidx.lifecycle.ProcessLifecycleInitializer"
58-->[androidx.lifecycle:lifecycle-process:2.9.0] AndroidManifest.xml:30:17-78
59                android:value="androidx.startup" />
59-->[androidx.lifecycle:lifecycle-process:2.9.0] AndroidManifest.xml:31:17-49
60            <meta-data
60-->[androidx.profileinstaller:profileinstaller:1.4.0] AndroidManifest.xml:29:13-31:52
61                android:name="androidx.profileinstaller.ProfileInstallerInitializer"
61-->[androidx.profileinstaller:profileinstaller:1.4.0] AndroidManifest.xml:30:17-85
62                android:value="androidx.startup" />
62-->[androidx.profileinstaller:profileinstaller:1.4.0] AndroidManifest.xml:31:17-49
63        </provider>
64
65        <activity
65-->[androidx.compose.ui:ui-test-manifest:1.8.1] AndroidManifest.xml:23:9-26:79
66            android:name="androidx.activity.ComponentActivity"
66-->[androidx.compose.ui:ui-test-manifest:1.8.1] AndroidManifest.xml:24:13-63
67            android:exported="true"
67-->[androidx.compose.ui:ui-test-manifest:1.8.1] AndroidManifest.xml:25:13-36
68            android:theme="@android:style/Theme.Material.Light.NoActionBar" />
68-->[androidx.compose.ui:ui-test-manifest:1.8.1] AndroidManifest.xml:26:13-76
69
70        <service
70-->[com.google.android.datatransport:transport-runtime:4.0.0] AndroidManifest.xml:24:9-28:19
71            android:name="com.google.android.datatransport.runtime.scheduling.jobscheduling.JobInfoSchedulerService"
71-->[com.google.android.datatransport:transport-runtime:4.0.0] AndroidManifest.xml:25:13-117
72            android:exported="false"
72-->[com.google.android.datatransport:transport-runtime:4.0.0] AndroidManifest.xml:26:13-37
73            android:permission="android.permission.BIND_JOB_SERVICE" >
73-->[com.google.android.datatransport:transport-runtime:4.0.0] AndroidManifest.xml:27:13-69
74        </service>
75
76        <receiver
76-->[com.google.android.datatransport:transport-runtime:4.0.0] AndroidManifest.xml:30:9-32:40
77            android:name="com.google.android.datatransport.runtime.scheduling.jobscheduling.AlarmManagerSchedulerBroadcastReceiver"
77-->[com.google.android.datatransport:transport-runtime:4.0.0] AndroidManifest.xml:31:13-132
78            android:exported="false" />
78-->[com.google.android.datatransport:transport-runtime:4.0.0] AndroidManifest.xml:32:13-37
79
80        <service
80-->[com.google.android.datatransport:transport-runtime:4.0.0] AndroidManifest.xml:34:9-36:40
81            android:name="com.google.android.datatransport.runtime.backends.TransportBackendDiscovery"
81-->[com.google.android.datatransport:transport-runtime:4.0.0] AndroidManifest.xml:35:13-103
82            android:exported="false" />
82-->[com.google.android.datatransport:transport-runtime:4.0.0] AndroidManifest.xml:36:13-37
83
84        <receiver
84-->[androidx.profileinstaller:profileinstaller:1.4.0] AndroidManifest.xml:34:9-52:20
85            android:name="androidx.profileinstaller.ProfileInstallReceiver"
85-->[androidx.profileinstaller:profileinstaller:1.4.0] AndroidManifest.xml:35:13-76
86            android:directBootAware="false"
86-->[androidx.profileinstaller:profileinstaller:1.4.0] AndroidManifest.xml:36:13-44
87            android:enabled="true"
87-->[androidx.profileinstaller:profileinstaller:1.4.0] AndroidManifest.xml:37:13-35
88            android:exported="true"
88-->[androidx.profileinstaller:profileinstaller:1.4.0] AndroidManifest.xml:38:13-36
89            android:permission="android.permission.DUMP" >
89-->[androidx.profileinstaller:profileinstaller:1.4.0] AndroidManifest.xml:39:13-57
90            <intent-filter>
90-->[androidx.profileinstaller:profileinstaller:1.4.0] AndroidManifest.xml:40:13-42:29
91                <action android:name="androidx.profileinstaller.action.INSTALL_PROFILE" />
91-->[androidx.profileinstaller:profileinstaller:1.4.0] AndroidManifest.xml:41:17-91
91-->[androidx.profileinstaller:profileinstaller:1.4.0] AndroidManifest.xml:41:25-88
92            </intent-filter>
93            <intent-filter>
93-->[androidx.profileinstaller:profileinstaller:1.4.0] AndroidManifest.xml:43:13-45:29
94                <action android:name="androidx.profileinstaller.action.SKIP_FILE" />
94-->[androidx.profileinstaller:profileinstaller:1.4.0] AndroidManifest.xml:44:17-85
94-->[androidx.profileinstaller:profileinstaller:1.4.0] AndroidManifest.xml:44:25-82
95            </intent-filter>
96            <intent-filter>
96-->[androidx.profileinstaller:profileinstaller:1.4.0] AndroidManifest.xml:46:13-48:29
97                <action android:name="androidx.profileinstaller.action.SAVE_PROFILE" />
97-->[androidx.profileinstaller:profileinstaller:1.4.0] AndroidManifest.xml:47:17-88
97-->[androidx.profileinstaller:profileinstaller:1.4.0] AndroidManifest.xml:47:25-85
98            </intent-filter>
99            <intent-filter>
99-->[androidx.profileinstaller:profileinstaller:1.4.0] AndroidManifest.xml:49:13-51:29
100                <action android:name="androidx.profileinstaller.action.BENCHMARK_OPERATION" />
100-->[androidx.profileinstaller:profileinstaller:1.4.0] AndroidManifest.xml:50:17-95
100-->[androidx.profileinstaller:profileinstaller:1.4.0] AndroidManifest.xml:50:25-92
101            </intent-filter>
102        </receiver>
103    </application>
104
105</manifest>